[1017/103813.622:ERROR:directory_reader_win.cc(43)] FindFirstFile: The system cannot find the path specified. (0x3)
[1023/110431.790:ERROR:directory_reader_win.cc(43)] FindFirstFile: The system cannot find the path specified. (0x3)
[1023/152250.866:ERROR:process_memory_win.cc(73)] ReadMemory at 0x13f820000 of 64 bytes failed: Only part of a ReadProcessMemory or WriteProcessMemory request was completed. (0x12B)
[1023/152251.440:WARNING:pe_image_reader.cc(340)] could not read dos header from C:\Program Files\Google\Chrome\Application\chrome.exe
[1023/152251.440:ERROR:process_memory_win.cc(73)] ReadMemory at 0x773b0000 of 64 bytes failed: Only part of a ReadProcessMemory or WriteProcessMemory request was completed. (0x12B)
[1023/152251.810:WARNING:pe_image_reader.cc(340)] could not read dos header from C:\Windows\SYSTEM32\ntdll.dll
[1023/152251.810:ERROR:process_memory_win.cc(73)] ReadMemory at 0x77190000 of 64 bytes failed: Only part of a ReadProcessMemory or WriteProcessMemory request was completed. (0x12B)
[1023/152251.810:WARNING:pe_image_reader.cc(340)] could not read dos header from C:\Windows\system32\KERNEL32.dll
[1023/152251.810:ERROR:process_memory_win.cc(73)] ReadMemory at 0x7fefd0d0000 of 64 bytes failed: Only part of a ReadProcessMemory or WriteProcessMemory request was completed. (0x12B)
[1023/152251.810:WARNING:pe_image_reader.cc(340)] could not read dos header from C:\Windows\system32\KERNELBASE.dll
[1023/152251.810:ERROR:process_memory_win.cc(73)] ReadMemory at 0x7fed80c0000 of 64 bytes failed: Only part of a ReadProcessMemory or WriteProcessMemory request was completed. (0x12B)
[1023/152251.810:WARNING:pe_image_reader.cc(340)] could not read dos header from C:\Program Files\Google\Chrome\Application\86.0.4240.75\chrome_elf.dll
[1023/152251.810:ERROR:process_memory_win.cc(73)] ReadMemory at 0x7fefbfe0000 of 64 bytes failed: Only part of a ReadProcessMemory or WriteProcessMemory request was completed. (0x12B)
[1023/152251.810:WARNING:pe_image_reader.cc(340)] could not read dos header from C:\Windows\system32\VERSION.dll
[1023/152251.810:ERROR:process_memory_win.cc(73)] ReadMemory at 0x7fefd9d0000 of 64 bytes failed: Only part of a ReadProcessMemory or WriteProcessMemory request was completed. (0x12B)
[1023/152251.811:WARNING:pe_image_reader.cc(340)] could not read dos header from C:\Windows\system32\msvcrt.dll
[1023/152251.811:ERROR:process_memory_win.cc(73)] ReadMemory at 0x7fef2aa0000 of 64 bytes failed: Only part of a ReadProcessMemory or WriteProcessMemory request was completed. (0x12B)
[1023/152251.811:WARNING:pe_image_reader.cc(340)] could not read dos header from C:\Windows\system32\api-ms-win-core-synch-l1-2-0.DLL
[1023/152251.811:ERROR:process_memory_win.cc(73)] ReadMemory at 0x7feff630000 of 64 bytes failed: Only part of a ReadProcessMemory or WriteProcessMemory request was completed. (0x12B)
[1023/152251.811:WARNING:pe_image_reader.cc(340)] could not read dos header from C:\Windows\system32\GDI32.dll
[1023/152251.811:ERROR:process_memory_win.cc(73)] ReadMemory at 0xbd0000 of 64 bytes failed: Only part of a ReadProcessMemory or WriteProcessMemory request was completed. (0x12B)
[1023/152251.811:WARNING:pe_image_reader.cc(340)] could not read dos header from C:\Windows\system32\USER32.dll
[1023/152251.811:ERROR:process_memory_win.cc(73)] ReadMemory at 0x7feff3b0000 of 64 bytes failed: Only part of a ReadProcessMemory or WriteProcessMemory request was completed. (0x12B)
[1023/152251.811:WARNING:pe_image_reader.cc(340)] could not read dos header from C:\Windows\system32\LPK.dll
[1023/152251.811:ERROR:process_memory_win.cc(73)] ReadMemory at 0x7fefe4c0000 of 64 bytes failed: Only part of a ReadProcessMemory or WriteProcessMemory request was completed. (0x12B)
[1023/152251.811:WARNING:pe_image_reader.cc(340)] could not read dos header from C:\Windows\system32\USP10.dll
[1023/152251.811:ERROR:process_memory_win.cc(73)] ReadMemory at 0x7fefe5f0000 of 64 bytes failed: Only part of a ReadProcessMemory or WriteProcessMemory request was completed. (0x12B)
[1023/152251.811:WARNING:pe_image_reader.cc(340)] could not read dos header from C:\Windows\system32\IMM32.DLL
[1023/152251.811:ERROR:process_memory_win.cc(73)] ReadMemory at 0x7fefe0d0000 of 64 bytes failed: Only part of a ReadProcessMemory or WriteProcessMemory request was completed. (0x12B)
[1023/152251.811:WARNING:pe_image_reader.cc(340)] could not read dos header from C:\Windows\system32\MSCTF.dll
[1023/152251.811:ERROR:process_memory_win.cc(73)] ReadMemory at 0x7feff550000 of 64 bytes failed: Only part of a ReadProcessMemory or WriteProcessMemory request was completed. (0x12B)
[1023/152251.811:WARNING:pe_image_reader.cc(340)] could not read dos header from C:\Windows\system32\ADVAPI32.dll
[1023/152251.812:ERROR:process_memory_win.cc(73)] ReadMemory at 0x7fefe450000 of 64 bytes failed: Only part of a ReadProcessMemory or WriteProcessMemory request was completed. (0x12B)
[1023/152251.812:WARNING:pe_image_reader.cc(340)] could not read dos header from C:\Windows\SYSTEM32\sechost.dll
[1023/152251.812:ERROR:process_memory_win.cc(73)] ReadMemory at 0x7fefda70000 of 64 bytes failed: Only part of a ReadProcessMemory or WriteProcessMemory request was completed. (0x12B)
[1023/152251.812:WARNING:pe_image_reader.cc(340)] could not read dos header from C:\Windows\system32\RPCRT4.dll
[1023/152251.812:ERROR:process_memory_win.cc(73)] ReadMemory at 0x7fec9a90000 of 64 bytes failed: Only part of a ReadProcessMemory or WriteProcessMemory request was completed. (0x12B)
[1023/152251.812:WARNING:pe_image_reader.cc(340)] could not read dos header from C:\Program Files\Google\Chrome\Application\86.0.4240.75\chrome.dll
[1023/152251.812:ERROR:process_memory_win.cc(73)] ReadMemory at 0x7fef6ab0000 of 64 bytes failed: Only part of a ReadProcessMemory or WriteProcessMemory request was completed. (0x12B)
[1023/152251.812:WARNING:pe_image_reader.cc(340)] could not read dos header from C:\Windows\system32\dbghelp.dll
[1023/152251.812:ERROR:process_memory_win.cc(73)] ReadMemory at 0x7fefe470000 of 64 bytes failed: Only part of a ReadProcessMemory or WriteProcessMemory request was completed. (0x12B)
[1023/152251.812:WARNING:pe_image_reader.cc(340)] could not read dos header from C:\Windows\system32\WS2_32.dll
[1023/152251.812:ERROR:process_memory_win.cc(73)] ReadMemory at 0x7fefe1e0000 of 64 bytes failed: Only part of a ReadProcessMemory or WriteProcessMemory request was completed. (0x12B)
[1023/152251.812:WARNING:pe_image_reader.cc(340)] could not read dos header from C:\Windows\system32\NSI.dll
[1023/152251.812:ERROR:process_memory_win.cc(73)] ReadMemory at 0x7fefb0a0000 of 64 bytes failed: Only part of a ReadProcessMemory or WriteProcessMemory request was completed. (0x12B)
[1023/152251.812:WARNING:pe_image_reader.cc(340)] could not read dos header from C:\Windows\system32\IPHLPAPI.DLL
[1023/152251.812:ERROR:process_memory_win.cc(73)] ReadMemory at 0x7fefb080000 of 64 bytes failed: Only part of a ReadProcessMemory or WriteProcessMemory request was completed. (0x12B)
[1023/152251.812:WARNING:pe_image_reader.cc(340)] could not read dos header from C:\Windows\system32\WINNSI.DLL
[1023/152251.812:ERROR:process_memory_win.cc(73)] ReadMemory at 0x7fefd850000 of 64 bytes failed: Only part of a ReadProcessMemory or WriteProcessMemory request was completed. (0x12B)
[1023/152251.812:WARNING:pe_image_reader.cc(340)] could not read dos header from C:\Windows\system32\OLEAUT32.dll
[1023/152251.813:ERROR:process_memory_win.cc(73)] ReadMemory at 0x7fefd650000 of 64 bytes failed: Only part of a ReadProcessMemory or WriteProcessMemory request was completed. (0x12B)
[1023/152251.813:WARNING:pe_image_reader.cc(340)] could not read dos header from C:\Windows\system32\ole32.dll
[1023/152251.813:ERROR:process_memory_win.cc(73)] ReadMemory at 0x7fefab00000 of 64 bytes failed: Only part of a ReadProcessMemory or WriteProcessMemory request was completed. (0x12B)
[1023/152251.813:WARNING:pe_image_reader.cc(340)] could not read dos header from C:\Windows\system32\WINMM.dll
[1023/152251.813:ERROR:process_memory_win.cc(73)] ReadMemory at 0x7fee6c00000 of 64 bytes failed: Only part of a ReadProcessMemory or WriteProcessMemory request was completed. (0x12B)
[1023/152251.813:WARNING:pe_image_reader.cc(340)] could not read dos header from C:\Windows\system32\UIAutomationCore.DLL
[1023/152251.813:ERROR:process_memory_win.cc(73)] ReadMemory at 0x77550000 of 64 bytes failed: Only part of a ReadProcessMemory or WriteProcessMemory request was completed. (0x12B)
[1023/152251.813:WARNING:pe_image_reader.cc(340)] could not read dos header from C:\Windows\system32\PSAPI.DLL
[1023/152251.813:ERROR:process_memory_win.cc(73)] ReadMemory at 0x7fef9e70000 of 64 bytes failed: Only part of a ReadProcessMemory or WriteProcessMemory request was completed. (0x12B)
[1023/152251.813:WARNING:pe_image_reader.cc(340)] could not read dos header from C:\Windows\system32\OLEACC.dll
[1023/152251.813:ERROR:process_memory_win.cc(73)] ReadMemory at 0x7fefcb60000 of 64 bytes failed: Only part of a ReadProcessMemory or WriteProcessMemory request was completed. (0x12B)
[1023/152251.813:WARNING:pe_image_reader.cc(340)] could not read dos header from C:\Windows\system32\Secur32.dll
[1023/152251.813:ERROR:process_memory_win.cc(73)] ReadMemory at 0x7fefcd10000 of 64 bytes failed: Only part of a ReadProcessMemory or WriteProcessMemory request was completed. (0x12B)
[1023/152251.813:WARNING:pe_image_reader.cc(340)] could not read dos header from C:\Windows\system32\SSPICLI.DLL
[1023/152251.813:ERROR:process_memory_win.cc(73)] ReadMemory at 0x7fefd140000 of 64 bytes failed: Only part of a ReadProcessMemory or WriteProcessMemory request was completed. (0x12B)
[1023/152251.813:WARNING:pe_image_reader.cc(340)] could not read dos header from C:\Windows\system32\USERENV.dll
[1023/152251.813:ERROR:process_memory_win.cc(73)] ReadMemory at 0x7fefcf10000 of 64 bytes failed: Only part of a ReadProcessMemory or WriteProcessMemory request was completed. (0x12B)
[1023/152251.814:WARNING:pe_image_reader.cc(340)] could not read dos header from C:\Windows\system32\profapi.dll
[1023/152251.814:ERROR:process_memory_win.cc(73)] ReadMemory at 0x7fefd270000 of 64 bytes failed: Only part of a ReadProcessMemory or WriteProcessMemory request was completed. (0x12B)
[1023/152251.814:WARNING:pe_image_reader.cc(340)] could not read dos header from C:\Windows\system32\WINTRUST.dll
[1023/152251.814:ERROR:process_memory_win.cc(73)] ReadMemory at 0x7fefcf20000 of 64 bytes failed: Only part of a ReadProcessMemory or WriteProcessMemory request was completed. (0x12B)
[1023/152251.814:WARNING:pe_image_reader.cc(340)] could not read dos header from C:\Windows\system32\CRYPT32.dll
[1023/152251.814:ERROR:process_memory_win.cc(73)] ReadMemory at 0x7fefcf00000 of 64 bytes failed: Only part of a ReadProcessMemory or WriteProcessMemory request was completed. (0x12B)
[1023/152251.814:WARNING:pe_image_reader.cc(340)] could not read dos header from C:\Windows\system32\MSASN1.dll
[1023/152251.814:ERROR:process_memory_win.cc(73)] ReadMemory at 0x7fedafc0000 of 64 bytes failed: Only part of a ReadProcessMemory or WriteProcessMemory request was completed. (0x12B)
[1023/152251.814:WARNING:pe_image_reader.cc(340)] could not read dos header from C:\Windows\system32\DWrite.dll
[1023/152251.814:ERROR:process_memory_win.cc(73)] ReadMemory at 0x7fef9f40000 of 64 bytes failed: Only part of a ReadProcessMemory or WriteProcessMemory request was completed. (0x12B)
[1023/152251.814:WARNING:pe_image_reader.cc(340)] could not read dos header from C:\Windows\system32\WINSPOOL.DRV
[1023/152251.814:ERROR:process_memory_win.cc(73)] ReadMemory at 0x7fef6fb0000 of 64 bytes failed: Only part of a ReadProcessMemory or WriteProcessMemory request was completed. (0x12B)
[1023/152251.814:WARNING:pe_image_reader.cc(340)] could not read dos header from C:\Windows\system32\WINHTTP.dll
[1023/152251.814:ERROR:process_memory_win.cc(73)] ReadMemory at 0x7fef6f40000 of 64 bytes failed: Only part of a ReadProcessMemory or WriteProcessMemory request was completed. (0x12B)
[1023/152251.814:WARNING:pe_image_reader.cc(340)] could not read dos header from C:\Windows\system32\webio.dll
[1023/152251.814:ERROR:process_memory_win.cc(73)] ReadMemory at 0x7fef9a10000 of 64 bytes failed: Only part of a ReadProcessMemory or WriteProcessMemory request was completed. (0x12B)
[1023/152251.814:WARNING:pe_image_reader.cc(340)] could not read dos header from C:\Windows\system32\dhcpcsvc.DLL
[1023/152251.815:ERROR:process_memory_win.cc(73)] ReadMemory at 0x7fefcda0000 of 64 bytes failed: Only part of a ReadProcessMemory or WriteProcessMemory request was completed. (0x12B)
[1023/152251.815:WARNING:pe_image_reader.cc(340)] could not read dos header from C:\Windows\system32\cryptbase.dll
[1023/152251.815:ERROR:process_memory_win.cc(73)] ReadMemory at 0x7fefb740000 of 64 bytes failed: Only part of a ReadProcessMemory or WriteProcessMemory request was completed. (0x12B)
[1023/152251.815:WARNING:pe_image_reader.cc(340)] could not read dos header from C:\Windows\system32\uxtheme.dll
[1023/152252.606:ERROR:process_memory_win.cc(73)] ReadMemory at 0x13f820000 of 64 bytes failed: Only part of a ReadProcessMemory or WriteProcessMemory request was completed. (0x12B)
[1023/152252.606:WARNING:pe_image_reader.cc(340)] could not read dos header from C:\Program Files\Google\Chrome\Application\chrome.exe
[1023/152252.606:ERROR:process_memory_win.cc(73)] ReadMemory at 0x773b0000 of 64 bytes failed: Only part of a ReadProcessMemory or WriteProcessMemory request was completed. (0x12B)
[1023/152252.607:WARNING:pe_image_reader.cc(340)] could not read dos header from C:\Windows\SYSTEM32\ntdll.dll
[1023/152252.607:ERROR:process_memory_win.cc(73)] ReadMemory at 0x77190000 of 64 bytes failed: Only part of a ReadProcessMemory or WriteProcessMemory request was completed. (0x12B)
[1023/152252.607:WARNING:pe_image_reader.cc(340)] could not read dos header from C:\Windows\system32\KERNEL32.dll
[1023/152252.607:ERROR:process_memory_win.cc(73)] ReadMemory at 0x7fefd0d0000 of 64 bytes failed: Only part of a ReadProcessMemory or WriteProcessMemory request was completed. (0x12B)
[1023/152252.607:WARNING:pe_image_reader.cc(340)] could not read dos header from C:\Windows\system32\KERNELBASE.dll
[1023/152252.607:ERROR:process_memory_win.cc(73)] ReadMemory at 0x7fed80c0000 of 64 bytes failed: Only part of a ReadProcessMemory or WriteProcessMemory request was completed. (0x12B)
[1023/152252.607:WARNING:pe_image_reader.cc(340)] could not read dos header from C:\Program Files\Google\Chrome\Application\86.0.4240.75\chrome_elf.dll
[1023/152252.607:ERROR:process_memory_win.cc(73)] ReadMemory at 0x7fefbfe0000 of 64 bytes failed: Only part of a ReadProcessMemory or WriteProcessMemory request was completed. (0x12B)
[1023/152252.607:WARNING:pe_image_reader.cc(340)] could not read dos header from C:\Windows\system32\VERSION.dll
[1023/152252.607:ERROR:process_memory_win.cc(73)] ReadMemory at 0x7fefd9d0000 of 64 bytes failed: Only part of a ReadProcessMemory or WriteProcessMemory request was completed. (0x12B)
[1023/152252.607:WARNING:pe_image_reader.cc(340)] could not read dos header from C:\Windows\system32\msvcrt.dll
[1023/152252.607:ERROR:process_memory_win.cc(73)] ReadMemory at 0x7fef2aa0000 of 64 bytes failed: Only part of a ReadProcessMemory or WriteProcessMemory request was completed. (0x12B)
[1023/152252.607:WARNING:pe_image_reader.cc(340)] could not read dos header from C:\Windows\system32\api-ms-win-core-synch-l1-2-0.DLL
[1023/152252.607:ERROR:process_memory_win.cc(73)] ReadMemory at 0x7feff630000 of 64 bytes failed: Only part of a ReadProcessMemory or WriteProcessMemory request was completed. (0x12B)
[1023/152252.607:WARNING:pe_image_reader.cc(340)] could not read dos header from C:\Windows\system32\GDI32.dll
[1023/152252.607:ERROR:process_memory_win.cc(73)] ReadMemory at 0xbd0000 of 64 bytes failed: Only part of a ReadProcessMemory or WriteProcessMemory request was completed. (0x12B)
[1023/152252.607:WARNING:pe_image_reader.cc(340)] could not read dos header from C:\Windows\system32\USER32.dll
[1023/152252.607:ERROR:process_memory_win.cc(73)] ReadMemory at 0x7feff3b0000 of 64 bytes failed: Only part of a ReadProcessMemory or WriteProcessMemory request was completed. (0x12B)
[1023/152252.608:WARNING:pe_image_reader.cc(340)] could not read dos header from C:\Windows\system32\LPK.dll
[1023/152252.629:ERROR:process_memory_win.cc(73)] ReadMemory at 0x7fefe4c0000 of 64 bytes failed: Only part of a ReadProcessMemory or WriteProcessMemory request was completed. (0x12B)
[1023/152252.629:WARNING:pe_image_reader.cc(340)] could not read dos header from C:\Windows\system32\USP10.dll
[1023/152252.629:ERROR:process_memory_win.cc(73)] ReadMemory at 0x7fefe5f0000 of 64 bytes failed: Only part of a ReadProcessMemory or WriteProcessMemory request was completed. (0x12B)
[1023/152252.629:WARNING:pe_image_reader.cc(340)] could not read dos header from C:\Windows\system32\IMM32.DLL
[1023/152252.630:ERROR:process_memory_win.cc(73)] ReadMemory at 0x7fefe0d0000 of 64 bytes failed: Only part of a ReadProcessMemory or WriteProcessMemory request was completed. (0x12B)
[1023/152252.630:WARNING:pe_image_reader.cc(340)] could not read dos header from C:\Windows\system32\MSCTF.dll
[1023/152252.630:ERROR:process_memory_win.cc(73)] ReadMemory at 0x7feff550000 of 64 bytes failed: Only part of a ReadProcessMemory or WriteProcessMemory request was completed. (0x12B)
[1023/152252.630:WARNING:pe_image_reader.cc(340)] could not read dos header from C:\Windows\system32\ADVAPI32.dll
[1023/152252.630:ERROR:process_memory_win.cc(73)] ReadMemory at 0x7fefe450000 of 64 bytes failed: Only part of a ReadProcessMemory or WriteProcessMemory request was completed. (0x12B)
[1023/152252.630:WARNING:pe_image_reader.cc(340)] could not read dos header from C:\Windows\SYSTEM32\sechost.dll
[1023/152252.630:ERROR:process_memory_win.cc(73)] ReadMemory at 0x7fefda70000 of 64 bytes failed: Only part of a ReadProcessMemory or WriteProcessMemory request was completed. (0x12B)
[1023/152252.630:WARNING:pe_image_reader.cc(340)] could not read dos header from C:\Windows\system32\RPCRT4.dll
[1023/152252.630:ERROR:process_memory_win.cc(73)] ReadMemory at 0x7fec9a90000 of 64 bytes failed: Only part of a ReadProcessMemory or WriteProcessMemory request was completed. (0x12B)
[1023/152252.630:WARNING:pe_image_reader.cc(340)] could not read dos header from C:\Program Files\Google\Chrome\Application\86.0.4240.75\chrome.dll
[1023/152252.630:ERROR:process_memory_win.cc(73)] ReadMemory at 0x7fef6ab0000 of 64 bytes failed: Only part of a ReadProcessMemory or WriteProcessMemory request was completed. (0x12B)
[1023/152252.630:WARNING:pe_image_reader.cc(340)] could not read dos header from C:\Windows\system32\dbghelp.dll
[1023/152252.630:ERROR:process_memory_win.cc(73)] ReadMemory at 0x7fefe470000 of 64 bytes failed: Only part of a ReadProcessMemory or WriteProcessMemory request was completed. (0x12B)
[1023/152252.630:WARNING:pe_image_reader.cc(340)] could not read dos header from C:\Windows\system32\WS2_32.dll
[1023/152252.630:ERROR:process_memory_win.cc(73)] ReadMemory at 0x7fefe1e0000 of 64 bytes failed: Only part of a ReadProcessMemory or WriteProcessMemory request was completed. (0x12B)
[1023/152252.630:WARNING:pe_image_reader.cc(340)] could not read dos header from C:\Windows\system32\NSI.dll
[1023/152252.631:ERROR:process_memory_win.cc(73)] ReadMemory at 0x7fefb0a0000 of 64 bytes failed: Only part of a ReadProcessMemory or WriteProcessMemory request was completed. (0x12B)
[1023/152252.631:WARNING:pe_image_reader.cc(340)] could not read dos header from C:\Windows\system32\IPHLPAPI.DLL
[1023/152252.631:ERROR:process_memory_win.cc(73)] ReadMemory at 0x7fefb080000 of 64 bytes failed: Only part of a ReadProcessMemory or WriteProcessMemory request was completed. (0x12B)
[1023/152252.631:WARNING:pe_image_reader.cc(340)] could not read dos header from C:\Windows\system32\WINNSI.DLL
[1023/152252.631:ERROR:process_memory_win.cc(73)] ReadMemory at 0x7fefd850000 of 64 bytes failed: Only part of a ReadProcessMemory or WriteProcessMemory request was completed. (0x12B)
[1023/152252.631:WARNING:pe_image_reader.cc(340)] could not read dos header from C:\Windows\system32\OLEAUT32.dll
[1023/152252.631:ERROR:process_memory_win.cc(73)] ReadMemory at 0x7fefd650000 of 64 bytes failed: Only part of a ReadProcessMemory or WriteProcessMemory request was completed. (0x12B)
[1023/152252.631:WARNING:pe_image_reader.cc(340)] could not read dos header from C:\Windows\system32\ole32.dll
[1023/152252.631:ERROR:process_memory_win.cc(73)] ReadMemory at 0x7fefab00000 of 64 bytes failed: Only part of a ReadProcessMemory or WriteProcessMemory request was completed. (0x12B)
[1023/152252.631:WARNING:pe_image_reader.cc(340)] could not read dos header from C:\Windows\system32\WINMM.dll
[1023/152252.631:ERROR:process_memory_win.cc(73)] ReadMemory at 0x7fee6c00000 of 64 bytes failed: Only part of a ReadProcessMemory or WriteProcessMemory request was completed. (0x12B)
[1023/152252.631:WARNING:pe_image_reader.cc(340)] could not read dos header from C:\Windows\system32\UIAutomationCore.DLL
[1023/152252.631:ERROR:process_memory_win.cc(73)] ReadMemory at 0x77550000 of 64 bytes failed: Only part of a ReadProcessMemory or WriteProcessMemory request was completed. (0x12B)
[1023/152252.631:WARNING:pe_image_reader.cc(340)] could not read dos header from C:\Windows\system32\PSAPI.DLL
[1023/152252.631:ERROR:process_memory_win.cc(73)] ReadMemory at 0x7fef9e70000 of 64 bytes failed: Only part of a ReadProcessMemory or WriteProcessMemory request was completed. (0x12B)
[1023/152252.631:WARNING:pe_image_reader.cc(340)] could not read dos header from C:\Windows\system32\OLEACC.dll
[1023/152252.631:ERROR:process_memory_win.cc(73)] ReadMemory at 0x7fefcb60000 of 64 bytes failed: Only part of a ReadProcessMemory or WriteProcessMemory request was completed. (0x12B)
[1023/152252.632:WARNING:pe_image_reader.cc(340)] could not read dos header from C:\Windows\system32\Secur32.dll
[1023/152252.632:ERROR:process_memory_win.cc(73)] ReadMemory at 0x7fefcd10000 of 64 bytes failed: Only part of a ReadProcessMemory or WriteProcessMemory request was completed. (0x12B)
[1023/152252.632:WARNING:pe_image_reader.cc(340)] could not read dos header from C:\Windows\system32\SSPICLI.DLL
[1023/152252.632:ERROR:process_memory_win.cc(73)] ReadMemory at 0x7fefd140000 of 64 bytes failed: Only part of a ReadProcessMemory or WriteProcessMemory request was completed. (0x12B)
[1023/152252.632:WARNING:pe_image_reader.cc(340)] could not read dos header from C:\Windows\system32\USERENV.dll
[1023/152252.632:ERROR:process_memory_win.cc(73)] ReadMemory at 0x7fefcf10000 of 64 bytes failed: Only part of a ReadProcessMemory or WriteProcessMemory request was completed. (0x12B)
[1023/152252.632:WARNING:pe_image_reader.cc(340)] could not read dos header from C:\Windows\system32\profapi.dll
[1023/152252.632:ERROR:process_memory_win.cc(73)] ReadMemory at 0x7fefd270000 of 64 bytes failed: Only part of a ReadProcessMemory or WriteProcessMemory request was completed. (0x12B)
[1023/152252.632:WARNING:pe_image_reader.cc(340)] could not read dos header from C:\Windows\system32\WINTRUST.dll
[1023/152252.632:ERROR:process_memory_win.cc(73)] ReadMemory at 0x7fefcf20000 of 64 bytes failed: Only part of a ReadProcessMemory or WriteProcessMemory request was completed. (0x12B)
[1023/152252.632:WARNING:pe_image_reader.cc(340)] could not read dos header from C:\Windows\system32\CRYPT32.dll
[1023/152252.632:ERROR:process_memory_win.cc(73)] ReadMemory at 0x7fefcf00000 of 64 bytes failed: Only part of a ReadProcessMemory or WriteProcessMemory request was completed. (0x12B)
[1023/152252.632:WARNING:pe_image_reader.cc(340)] could not read dos header from C:\Windows\system32\MSASN1.dll
[1023/152252.632:ERROR:process_memory_win.cc(73)] ReadMemory at 0x7fedafc0000 of 64 bytes failed: Only part of a ReadProcessMemory or WriteProcessMemory request was completed. (0x12B)
[1023/152252.632:WARNING:pe_image_reader.cc(340)] could not read dos header from C:\Windows\system32\DWrite.dll
[1023/152252.632:ERROR:process_memory_win.cc(73)] ReadMemory at 0x7fef9f40000 of 64 bytes failed: Only part of a ReadProcessMemory or WriteProcessMemory request was completed. (0x12B)
[1023/152252.632:WARNING:pe_image_reader.cc(340)] could not read dos header from C:\Windows\system32\WINSPOOL.DRV
[1023/152252.632:ERROR:process_memory_win.cc(73)] ReadMemory at 0x7fef6fb0000 of 64 bytes failed: Only part of a ReadProcessMemory or WriteProcessMemory request was completed. (0x12B)
[1023/152252.632:WARNING:pe_image_reader.cc(340)] could not read dos header from C:\Windows\system32\WINHTTP.dll
[1023/152252.633:ERROR:process_memory_win.cc(73)] ReadMemory at 0x7fef6f40000 of 64 bytes failed: Only part of a ReadProcessMemory or WriteProcessMemory request was completed. (0x12B)
[1023/152252.633:WARNING:pe_image_reader.cc(340)] could not read dos header from C:\Windows\system32\webio.dll
[1023/152252.633:ERROR:process_memory_win.cc(73)] ReadMemory at 0x7fef9a10000 of 64 bytes failed: Only part of a ReadProcessMemory or WriteProcessMemory request was completed. (0x12B)
[1023/152252.633:WARNING:pe_image_reader.cc(340)] could not read dos header from C:\Windows\system32\dhcpcsvc.DLL
[1023/152252.633:ERROR:process_memory_win.cc(73)] ReadMemory at 0x7fefcda0000 of 64 bytes failed: Only part of a ReadProcessMemory or WriteProcessMemory request was completed. (0x12B)
[1023/152252.633:WARNING:pe_image_reader.cc(340)] could not read dos header from C:\Windows\system32\cryptbase.dll
[1023/152252.633:ERROR:process_memory_win.cc(73)] ReadMemory at 0x7fefb740000 of 64 bytes failed: Only part of a ReadProcessMemory or WriteProcessMemory request was completed. (0x12B)
[1023/152252.633:WARNING:pe_image_reader.cc(340)] could not read dos header from C:\Windows\system32\uxtheme.dll
[1023/152252.633:ERROR:process_memory_win.cc(73)] ReadMemory at 0x13f820000 of 64 bytes failed: Only part of a ReadProcessMemory or WriteProcessMemory request was completed. (0x12B)
[1023/152252.633:WARNING:pe_image_reader.cc(340)] could not read dos header from C:\Program Files\Google\Chrome\Application\chrome.exe
[1023/152252.633:ERROR:process_memory_win.cc(73)] ReadMemory at 0x773b0000 of 64 bytes failed: Only part of a ReadProcessMemory or WriteProcessMemory request was completed. (0x12B)
[1023/152252.633:WARNING:pe_image_reader.cc(340)] could not read dos header from C:\Windows\SYSTEM32\ntdll.dll
[1023/152252.633:ERROR:process_memory_win.cc(73)] ReadMemory at 0x77190000 of 64 bytes failed: Only part of a ReadProcessMemory or WriteProcessMemory request was completed. (0x12B)
[1023/152252.633:WARNING:pe_image_reader.cc(340)] could not read dos header from C:\Windows\system32\KERNEL32.dll
[1023/152252.633:ERROR:process_memory_win.cc(73)] ReadMemory at 0x7fefd0d0000 of 64 bytes failed: Only part of a ReadProcessMemory or WriteProcessMemory request was completed. (0x12B)
[1023/152252.633:WARNING:pe_image_reader.cc(340)] could not read dos header from C:\Windows\system32\KERNELBASE.dll
[1023/152252.633:ERROR:process_memory_win.cc(73)] ReadMemory at 0x7fed80c0000 of 64 bytes failed: Only part of a ReadProcessMemory or WriteProcessMemory request was completed. (0x12B)
[1023/152252.633:WARNING:pe_image_reader.cc(340)] could not read dos header from C:\Program Files\Google\Chrome\Application\86.0.4240.75\chrome_elf.dll
[1023/152252.634:ERROR:process_memory_win.cc(73)] ReadMemory at 0x7fefbfe0000 of 64 bytes failed: Only part of a ReadProcessMemory or WriteProcessMemory request was completed. (0x12B)
[1023/152252.634:WARNING:pe_image_reader.cc(340)] could not read dos header from C:\Windows\system32\VERSION.dll
[1023/152252.634:ERROR:process_memory_win.cc(73)] ReadMemory at 0x7fefd9d0000 of 64 bytes failed: Only part of a ReadProcessMemory or WriteProcessMemory request was completed. (0x12B)
[1023/152252.634:WARNING:pe_image_reader.cc(340)] could not read dos header from C:\Windows\system32\msvcrt.dll
[1023/152252.634:ERROR:process_memory_win.cc(73)] ReadMemory at 0x7fef2aa0000 of 64 bytes failed: Only part of a ReadProcessMemory or WriteProcessMemory request was completed. (0x12B)
[1023/152252.634:WARNING:pe_image_reader.cc(340)] could not read dos header from C:\Windows\system32\api-ms-win-core-synch-l1-2-0.DLL
[1023/152252.634:ERROR:process_memory_win.cc(73)] ReadMemory at 0x7feff630000 of 64 bytes failed: Only part of a ReadProcessMemory or WriteProcessMemory request was completed. (0x12B)
[1023/152252.634:WARNING:pe_image_reader.cc(340)] could not read dos header from C:\Windows\system32\GDI32.dll
[1023/152252.634:ERROR:process_memory_win.cc(73)] ReadMemory at 0xbd0000 of 64 bytes failed: Only part of a ReadProcessMemory or WriteProcessMemory request was completed. (0x12B)
[1023/152252.634:WARNING:pe_image_reader.cc(340)] could not read dos header from C:\Windows\system32\USER32.dll
[1023/152252.634:ERROR:process_memory_win.cc(73)] ReadMemory at 0x7feff3b0000 of 64 bytes failed: Only part of a ReadProcessMemory or WriteProcessMemory request was completed. (0x12B)
[1023/152252.634:WARNING:pe_image_reader.cc(340)] could not read dos header from C:\Windows\system32\LPK.dll
[1023/152252.634:ERROR:process_memory_win.cc(73)] ReadMemory at 0x7fefe4c0000 of 64 bytes failed: Only part of a ReadProcessMemory or WriteProcessMemory request was completed. (0x12B)
[1023/152252.634:WARNING:pe_image_reader.cc(340)] could not read dos header from C:\Windows\system32\USP10.dll
[1023/152252.634:ERROR:process_memory_win.cc(73)] ReadMemory at 0x7fefe5f0000 of 64 bytes failed: Only part of a ReadProcessMemory or WriteProcessMemory request was completed. (0x12B)
[1023/152252.634:WARNING:pe_image_reader.cc(340)] could not read dos header from C:\Windows\system32\IMM32.DLL
[1023/152252.634:ERROR:process_memory_win.cc(73)] ReadMemory at 0x7fefe0d0000 of 64 bytes failed: Only part of a ReadProcessMemory or WriteProcessMemory request was completed. (0x12B)
[1023/152252.634:WARNING:pe_image_reader.cc(340)] could not read dos header from C:\Windows\system32\MSCTF.dll
[1023/152252.635:ERROR:process_memory_win.cc(73)] ReadMemory at 0x7feff550000 of 64 bytes failed: Only part of a ReadProcessMemory or WriteProcessMemory request was completed. (0x12B)
[1023/152252.635:WARNING:pe_image_reader.cc(340)] could not read dos header from C:\Windows\system32\ADVAPI32.dll
[1023/152252.635:ERROR:process_memory_win.cc(73)] ReadMemory at 0x7fefe450000 of 64 bytes failed: Only part of a ReadProcessMemory or WriteProcessMemory request was completed. (0x12B)
[1023/152252.635:WARNING:pe_image_reader.cc(340)] could not read dos header from C:\Windows\SYSTEM32\sechost.dll
[1023/152252.635:ERROR:process_memory_win.cc(73)] ReadMemory at 0x7fefda70000 of 64 bytes failed: Only part of a ReadProcessMemory or WriteProcessMemory request was completed. (0x12B)
[1023/152252.635:WARNING:pe_image_reader.cc(340)] could not read dos header from C:\Windows\system32\RPCRT4.dll
[1023/152252.635:ERROR:process_memory_win.cc(73)] ReadMemory at 0x7fec9a90000 of 64 bytes failed: Only part of a ReadProcessMemory or WriteProcessMemory request was completed. (0x12B)
[1023/152252.635:WARNING:pe_image_reader.cc(340)] could not read dos header from C:\Program Files\Google\Chrome\Application\86.0.4240.75\chrome.dll
[1023/152252.635:ERROR:process_memory_win.cc(73)] ReadMemory at 0x7fef6ab0000 of 64 bytes failed: Only part of a ReadProcessMemory or WriteProcessMemory request was completed. (0x12B)
[1023/152252.635:WARNING:pe_image_reader.cc(340)] could not read dos header from C:\Windows\system32\dbghelp.dll
[1023/152252.635:ERROR:process_memory_win.cc(73)] ReadMemory at 0x7fefe470000 of 64 bytes failed: Only part of a ReadProcessMemory or WriteProcessMemory request was completed. (0x12B)
[1023/152252.635:WARNING:pe_image_reader.cc(340)] could not read dos header from C:\Windows\system32\WS2_32.dll
[1023/152252.635:ERROR:process_memory_win.cc(73)] ReadMemory at 0x7fefe1e0000 of 64 bytes failed: Only part of a ReadProcessMemory or WriteProcessMemory request was completed. (0x12B)
[1023/152252.635:WARNING:pe_image_reader.cc(340)] could not read dos header from C:\Windows\system32\NSI.dll
[1023/152252.635:ERROR:process_memory_win.cc(73)] ReadMemory at 0x7fefb0a0000 of 64 bytes failed: Only part of a ReadProcessMemory or WriteProcessMemory request was completed. (0x12B)
[1023/152252.635:WARNING:pe_image_reader.cc(340)] could not read dos header from C:\Windows\system32\IPHLPAPI.DLL
[1023/152252.635:ERROR:process_memory_win.cc(73)] ReadMemory at 0x7fefb080000 of 64 bytes failed: Only part of a ReadProcessMemory or WriteProcessMemory request was completed. (0x12B)
[1023/152252.635:WARNING:pe_image_reader.cc(340)] could not read dos header from C:\Windows\system32\WINNSI.DLL
[1023/152252.636:ERROR:process_memory_win.cc(73)] ReadMemory at 0x7fefd850000 of 64 bytes failed: Only part of a ReadProcessMemory or WriteProcessMemory request was completed. (0x12B)
[1023/152252.636:WARNING:pe_image_reader.cc(340)] could not read dos header from C:\Windows\system32\OLEAUT32.dll
[1023/152252.636:ERROR:process_memory_win.cc(73)] ReadMemory at 0x7fefd650000 of 64 bytes failed: Only part of a ReadProcessMemory or WriteProcessMemory request was completed. (0x12B)
[1023/152252.636:WARNING:pe_image_reader.cc(340)] could not read dos header from C:\Windows\system32\ole32.dll
[1023/152252.636:ERROR:process_memory_win.cc(73)] ReadMemory at 0x7fefab00000 of 64 bytes failed: Only part of a ReadProcessMemory or WriteProcessMemory request was completed. (0x12B)
[1023/152252.636:WARNING:pe_image_reader.cc(340)] could not read dos header from C:\Windows\system32\WINMM.dll
[1023/152252.636:ERROR:process_memory_win.cc(73)] ReadMemory at 0x7fee6c00000 of 64 bytes failed: Only part of a ReadProcessMemory or WriteProcessMemory request was completed. (0x12B)
[1023/152252.636:WARNING:pe_image_reader.cc(340)] could not read dos header from C:\Windows\system32\UIAutomationCore.DLL
[1023/152252.636:ERROR:process_memory_win.cc(73)] ReadMemory at 0x77550000 of 64 bytes failed: Only part of a ReadProcessMemory or WriteProcessMemory request was completed. (0x12B)
[1023/152252.636:WARNING:pe_image_reader.cc(340)] could not read dos header from C:\Windows\system32\PSAPI.DLL
[1023/152252.636:ERROR:process_memory_win.cc(73)] ReadMemory at 0x7fef9e70000 of 64 bytes failed: Only part of a ReadProcessMemory or WriteProcessMemory request was completed. (0x12B)
[1023/152252.636:WARNING:pe_image_reader.cc(340)] could not read dos header from C:\Windows\system32\OLEACC.dll
[1023/152252.636:ERROR:process_memory_win.cc(73)] ReadMemory at 0x7fefcb60000 of 64 bytes failed: Only part of a ReadProcessMemory or WriteProcessMemory request was completed. (0x12B)
[1023/152252.636:WARNING:pe_image_reader.cc(340)] could not read dos header from C:\Windows\system32\Secur32.dll
[1023/152252.636:ERROR:process_memory_win.cc(73)] ReadMemory at 0x7fefcd10000 of 64 bytes failed: Only part of a ReadProcessMemory or WriteProcessMemory request was completed. (0x12B)
[1023/152252.636:WARNING:pe_image_reader.cc(340)] could not read dos header from C:\Windows\system32\SSPICLI.DLL
[1023/152252.636:ERROR:process_memory_win.cc(73)] ReadMemory at 0x7fefd140000 of 64 bytes failed: Only part of a ReadProcessMemory or WriteProcessMemory request was completed. (0x12B)
[1023/152252.637:WARNING:pe_image_reader.cc(340)] could not read dos header from C:\Windows\system32\USERENV.dll
[1023/152252.637:ERROR:process_memory_win.cc(73)] ReadMemory at 0x7fefcf10000 of 64 bytes failed: Only part of a ReadProcessMemory or WriteProcessMemory request was completed. (0x12B)
[1023/152252.637:WARNING:pe_image_reader.cc(340)] could not read dos header from C:\Windows\system32\profapi.dll
[1023/152252.637:ERROR:process_memory_win.cc(73)] ReadMemory at 0x7fefd270000 of 64 bytes failed: Only part of a ReadProcessMemory or WriteProcessMemory request was completed. (0x12B)
[1023/152252.637:WARNING:pe_image_reader.cc(340)] could not read dos header from C:\Windows\system32\WINTRUST.dll
[1023/152252.637:ERROR:process_memory_win.cc(73)] ReadMemory at 0x7fefcf20000 of 64 bytes failed: Only part of a ReadProcessMemory or WriteProcessMemory request was completed. (0x12B)
[1023/152252.637:WARNING:pe_image_reader.cc(340)] could not read dos header from C:\Windows\system32\CRYPT32.dll
[1023/152252.637:ERROR:process_memory_win.cc(73)] ReadMemory at 0x7fefcf00000 of 64 bytes failed: Only part of a ReadProcessMemory or WriteProcessMemory request was completed. (0x12B)
[1023/152252.637:WARNING:pe_image_reader.cc(340)] could not read dos header from C:\Windows\system32\MSASN1.dll
[1023/152252.637:ERROR:process_memory_win.cc(73)] ReadMemory at 0x7fedafc0000 of 64 bytes failed: Only part of a ReadProcessMemory or WriteProcessMemory request was completed. (0x12B)
[1023/152252.637:WARNING:pe_image_reader.cc(340)] could not read dos header from C:\Windows\system32\DWrite.dll
[1023/152252.637:ERROR:process_memory_win.cc(73)] ReadMemory at 0x7fef9f40000 of 64 bytes failed: Only part of a ReadProcessMemory or WriteProcessMemory request was completed. (0x12B)
[1023/152252.637:WARNING:pe_image_reader.cc(340)] could not read dos header from C:\Windows\system32\WINSPOOL.DRV
[1023/152252.637:ERROR:process_memory_win.cc(73)] ReadMemory at 0x7fef6fb0000 of 64 bytes failed: Only part of a ReadProcessMemory or WriteProcessMemory request was completed. (0x12B)
[1023/152252.637:WARNING:pe_image_reader.cc(340)] could not read dos header from C:\Windows\system32\WINHTTP.dll
[1023/152252.637:ERROR:process_memory_win.cc(73)] ReadMemory at 0x7fef6f40000 of 64 bytes failed: Only part of a ReadProcessMemory or WriteProcessMemory request was completed. (0x12B)
[1023/152252.637:WARNING:pe_image_reader.cc(340)] could not read dos header from C:\Windows\system32\webio.dll
[1023/152252.637:ERROR:process_memory_win.cc(73)] ReadMemory at 0x7fef9a10000 of 64 bytes failed: Only part of a ReadProcessMemory or WriteProcessMemory request was completed. (0x12B)
[1023/152252.638:WARNING:pe_image_reader.cc(340)] could not read dos header from C:\Windows\system32\dhcpcsvc.DLL
[1023/152252.638:ERROR:process_memory_win.cc(73)] ReadMemory at 0x7fefcda0000 of 64 bytes failed: Only part of a ReadProcessMemory or WriteProcessMemory request was completed. (0x12B)
[1023/152252.638:WARNING:pe_image_reader.cc(340)] could not read dos header from C:\Windows\system32\cryptbase.dll
[1023/152252.638:ERROR:process_memory_win.cc(73)] ReadMemory at 0x7fefb740000 of 64 bytes failed: Only part of a ReadProcessMemory or WriteProcessMemory request was completed. (0x12B)
[1023/152252.638:WARNING:pe_image_reader.cc(340)] could not read dos header from C:\Windows\system32\uxtheme.dll
[1023/152252.655:ERROR:process_memory_win.cc(73)] ReadMemory at 0x95a000 of 24576 bytes failed: Only part of a ReadProcessMemory or WriteProcessMemory request was completed. (0x12B)
[1023/152252.655:ERROR:process_memory_win.cc(73)] ReadMemory at 0x37ee000 of 8192 bytes failed: Only part of a ReadProcessMemory or WriteProcessMemory request was completed. (0x12B)
[1023/152252.655:ERROR:process_memory_win.cc(73)] ReadMemory at 0x409e000 of 8192 bytes failed: Only part of a ReadProcessMemory or WriteProcessMemory request was completed. (0x12B)
[1023/152252.655:ERROR:process_memory_win.cc(73)] ReadMemory at 0x495e000 of 8192 bytes failed: Only part of a ReadProcessMemory or WriteProcessMemory request was completed. (0x12B)
[1023/152252.655:ERROR:process_memory_win.cc(73)] ReadMemory at 0x599d000 of 12288 bytes failed: Only part of a ReadProcessMemory or WriteProcessMemory request was completed. (0x12B)
[1023/152252.686:ERROR:process_memory_win.cc(73)] ReadMemory at 0x635f000 of 4096 bytes failed: Only part of a ReadProcessMemory or WriteProcessMemory request was completed. (0x12B)
[1023/152252.686:ERROR:process_memory_win.cc(73)] ReadMemory at 0x6b5e000 of 8192 bytes failed: Only part of a ReadProcessMemory or WriteProcessMemory request was completed. (0x12B)
[1023/152252.687:ERROR:process_memory_win.cc(73)] ReadMemory at 0x735e000 of 8192 bytes failed: Only part of a ReadProcessMemory or WriteProcessMemory request was completed. (0x12B)
[1023/152252.687:ERROR:process_memory_win.cc(73)] ReadMemory at 0x7f2d000 of 12288 bytes failed: Only part of a ReadProcessMemory or WriteProcessMemory request was completed. (0x12B)
[1023/152252.687:ERROR:process_memory_win.cc(73)] ReadMemory at 0x882e000 of 8192 bytes failed: Only part of a ReadProcessMemory or WriteProcessMemory request was completed. (0x12B)
[1023/152252.687:ERROR:process_memory_win.cc(73)] ReadMemory at 0x919e000 of 8192 bytes failed: Only part of a ReadProcessMemory or WriteProcessMemory request was completed. (0x12B)
[1023/152252.687:ERROR:process_memory_win.cc(73)] ReadMemory at 0x9a3e000 of 8192 bytes failed: Only part of a ReadProcessMemory or WriteProcessMemory request was completed. (0x12B)
[1023/152252.687:ERROR:process_memory_win.cc(73)] ReadMemory at 0xa31e000 of 8192 bytes failed: Only part of a ReadProcessMemory or WriteProcessMemory request was completed. (0x12B)
[1023/152252.687:ERROR:process_memory_win.cc(73)] ReadMemory at 0xac1e000 of 8192 bytes failed: Only part of a ReadProcessMemory or WriteProcessMemory request was completed. (0x12B)
[1023/152252.688:ERROR:process_memory_win.cc(73)] ReadMemory at 0xb62e000 of 8192 bytes failed: Only part of a ReadProcessMemory or WriteProcessMemory request was completed. (0x12B)
[1023/152252.688:ERROR:process_memory_win.cc(73)] ReadMemory at 0xad1320 of 5560 bytes failed: Only part of a ReadProcessMemory or WriteProcessMemory request was completed. (0x12B)
[1023/152252.688:ERROR:process_memory_win.cc(73)] ReadMemory at 0xad28e0 of 1012 bytes failed: Only part of a ReadProcessMemory or WriteProcessMemory request was completed. (0x12B)
[1023/152252.688:ERROR:process_memory_win.cc(73)] ReadMemory at 0xad2ee8 of 1262 bytes failed: Only part of a ReadProcessMemory or WriteProcessMemory request was completed. (0x12B)
[1023/152252.688:ERROR:process_memory_win.cc(73)] ReadMemory at 0xad33d8 of 106 bytes failed: Only part of a ReadProcessMemory or WriteProcessMemory request was completed. (0x12B)
[1023/152252.688:ERROR:process_memory_win.cc(73)] ReadMemory at 0xad3444 of 704 bytes failed: Only part of a ReadProcessMemory or WriteProcessMemory request was completed. (0x12B)
[1023/152252.688:ERROR:process_memory_win.cc(73)] ReadMemory at 0xad3706 of 106 bytes failed: Only part of a ReadProcessMemory or WriteProcessMemory request was completed. (0x12B)
[1023/152252.689:ERROR:process_memory_win.cc(73)] ReadMemory at 0xad3772 of 94 bytes failed: Only part of a ReadProcessMemory or WriteProcessMemory request was completed. (0x12B)
[1023/152252.689:ERROR:process_memory_win.cc(73)] ReadMemory at 0xad37e0 of 58 bytes failed: Only part of a ReadProcessMemory or WriteProcessMemory request was completed. (0x12B)
[1023/152252.689:ERROR:process_memory_win.cc(73)] ReadMemory at 0xad3870 of 132 bytes failed: Only part of a ReadProcessMemory or WriteProcessMemory request was completed. (0x12B)
[1023/152252.689:ERROR:process_memory_win.cc(73)] ReadMemory at 0xad3960 of 132 bytes failed: Only part of a ReadProcessMemory or WriteProcessMemory request was completed. (0x12B)
[1023/152252.689:ERROR:process_memory_win.cc(73)] ReadMemory at 0xad3a78 of 112 bytes failed: Only part of a ReadProcessMemory or WriteProcessMemory request was completed. (0x12B)
[1023/152252.689:ERROR:process_memory_win.cc(73)] ReadMemory at 0xad3e80 of 132 bytes failed: Only part of a ReadProcessMemory or WriteProcessMemory request was completed. (0x12B)
[1023/152252.689:ERROR:process_memory_win.cc(73)] ReadMemory at 0xad3f70 of 132 bytes failed: Only part of a ReadProcessMemory or WriteProcessMemory request was completed. (0x12B)
[1023/152252.689:ERROR:process_memory_win.cc(73)] ReadMemory at 0xad4270 of 64 bytes failed: Only part of a ReadProcessMemory or WriteProcessMemory request was completed. (0x12B)
[1023/152252.690:ERROR:process_memory_win.cc(73)] ReadMemory at 0xad42f0 of 68 bytes failed: Only part of a ReadProcessMemory or WriteProcessMemory request was completed. (0x12B)
[1023/152252.690:ERROR:process_memory_win.cc(73)] ReadMemory at 0xb14870 of 132 bytes failed: Only part of a ReadProcessMemory or WriteProcessMemory request was completed. (0x12B)
[1023/152252.690:ERROR:process_memory_win.cc(73)] ReadMemory at 0xb14a60 of 140 bytes failed: Only part of a ReadProcessMemory or WriteProcessMemory request was completed. (0x12B)
[1023/152252.690:ERROR:process_memory_win.cc(73)] ReadMemory at 0xb150e0 of 132 bytes failed: Only part of a ReadProcessMemory or WriteProcessMemory request was completed. (0x12B)
[1023/152252.690:ERROR:process_memory_win.cc(73)] ReadMemory at 0xb157b0 of 132 bytes failed: Only part of a ReadProcessMemory or WriteProcessMemory request was completed. (0x12B)
[1023/152252.690:ERROR:process_memory_win.cc(73)] ReadMemory at 0xb15c00 of 104 bytes failed: Only part of a ReadProcessMemory or WriteProcessMemory request was completed. (0x12B)
[1023/152252.690:ERROR:process_memory_win.cc(73)] ReadMemory at 0xb15c80 of 132 bytes failed: Only part of a ReadProcessMemory or WriteProcessMemory request was completed. (0x12B)
[1023/152252.690:ERROR:process_memory_win.cc(73)] ReadMemory at 0xb16f30 of 512 bytes failed: Only part of a ReadProcessMemory or WriteProcessMemory request was completed. (0x12B)
[1023/152252.690:ERROR:process_memory_win.cc(73)] ReadMemory at 0xb17780 of 60 bytes failed: Only part of a ReadProcessMemory or WriteProcessMemory request was completed. (0x12B)
[1023/152252.691:ERROR:process_memory_win.cc(73)] ReadMemory at 0xb177d0 of 62 bytes failed: Only part of a ReadProcessMemory or WriteProcessMemory request was completed. (0x12B)
[1023/152252.691:ERROR:process_memory_win.cc(73)] ReadMemory at 0xb17820 of 58 bytes failed: Only part of a ReadProcessMemory or WriteProcessMemory request was completed. (0x12B)
[1023/152252.691:ERROR:process_memory_win.cc(73)] ReadMemory at 0xb17870 of 60 bytes failed: Only part of a ReadProcessMemory or WriteProcessMemory request was completed. (0x12B)
[1023/152252.691:ERROR:process_memory_win.cc(73)] ReadMemory at 0xb178c0 of 58 bytes failed: Only part of a ReadProcessMemory or WriteProcessMemory request was completed. (0x12B)
[1023/152252.691:ERROR:process_memory_win.cc(73)] ReadMemory at 0xb17910 of 64 bytes failed: Only part of a ReadProcessMemory or WriteProcessMemory request was completed. (0x12B)
[1023/152252.691:ERROR:process_memory_win.cc(73)] ReadMemory at 0xb17960 of 58 bytes failed: Only part of a ReadProcessMemory or WriteProcessMemory request was completed. (0x12B)
[1023/152252.691:ERROR:process_memory_win.cc(73)] ReadMemory at 0xb179b0 of 58 bytes failed: Only part of a ReadProcessMemory or WriteProcessMemory request was completed. (0x12B)
[1023/152252.691:ERROR:process_memory_win.cc(73)] ReadMemory at 0xb17a50 of 62 bytes failed: Only part of a ReadProcessMemory or WriteProcessMemory request was completed. (0x12B)
[1023/152252.691:ERROR:process_memory_win.cc(73)] ReadMemory at 0xb17aa0 of 60 bytes failed: Only part of a ReadProcessMemory or WriteProcessMemory request was completed. (0x12B)
[1023/152252.691:ERROR:process_memory_win.cc(73)] ReadMemory at 0xb17af0 of 64 bytes failed: Only part of a ReadProcessMemory or WriteProcessMemory request was completed. (0x12B)
[1023/152252.692:ERROR:process_memory_win.cc(73)] ReadMemory at 0xb17b40 of 60 bytes failed: Only part of a ReadProcessMemory or WriteProcessMemory request was completed. (0x12B)
[1023/152252.692:ERROR:process_memory_win.cc(73)] ReadMemory at 0xb17b90 of 64 bytes failed: Only part of a ReadProcessMemory or WriteProcessMemory request was completed. (0x12B)
[1023/152252.692:ERROR:process_memory_win.cc(73)] ReadMemory at 0xb17be0 of 58 bytes failed: Only part of a ReadProcessMemory or WriteProcessMemory request was completed. (0x12B)
[1023/152252.692:ERROR:process_memory_win.cc(73)] ReadMemory at 0xb17c30 of 58 bytes failed: Only part of a ReadProcessMemory or WriteProcessMemory request was completed. (0x12B)
[1023/152252.692:ERROR:process_memory_win.cc(73)] ReadMemory at 0xb17c80 of 58 bytes failed: Only part of a ReadProcessMemory or WriteProcessMemory request was completed. (0x12B)
[1023/152252.692:ERROR:process_memory_win.cc(73)] ReadMemory at 0xb17cd0 of 60 bytes failed: Only part of a ReadProcessMemory or WriteProcessMemory request was completed. (0x12B)
[1023/152252.692:ERROR:process_memory_win.cc(73)] ReadMemory at 0xb17d20 of 62 bytes failed: Only part of a ReadProcessMemory or WriteProcessMemory request was completed. (0x12B)
[1023/152252.692:ERROR:process_memory_win.cc(73)] ReadMemory at 0xb17d70 of 62 bytes failed: Only part of a ReadProcessMemory or WriteProcessMemory request was completed. (0x12B)
[1023/152252.692:ERROR:process_memory_win.cc(73)] ReadMemory at 0xb17dc0 of 62 bytes failed: Only part of a ReadProcessMemory or WriteProcessMemory request was completed. (0x12B)
[1023/152252.693:ERROR:process_memory_win.cc(73)] ReadMemory at 0xb17e10 of 62 bytes failed: Only part of a ReadProcessMemory or WriteProcessMemory request was completed. (0x12B)
[1023/152252.693:ERROR:process_memory_win.cc(73)] ReadMemory at 0xb17e60 of 64 bytes failed: Only part of a ReadProcessMemory or WriteProcessMemory request was completed. (0x12B)
[1023/152252.693:ERROR:process_memory_win.cc(73)] ReadMemory at 0xb17eb0 of 62 bytes failed: Only part of a ReadProcessMemory or WriteProcessMemory request was completed. (0x12B)
[1023/152252.693:ERROR:process_memory_win.cc(73)] ReadMemory at 0xb17f00 of 60 bytes failed: Only part of a ReadProcessMemory or WriteProcessMemory request was completed. (0x12B)
[1023/152252.693:ERROR:process_memory_win.cc(73)] ReadMemory at 0xb17f50 of 60 bytes failed: Only part of a ReadProcessMemory or WriteProcessMemory request was completed. (0x12B)
[1023/152252.693:ERROR:process_memory_win.cc(73)] ReadMemory at 0xb22ed0 of 54 bytes failed: Only part of a ReadProcessMemory or WriteProcessMemory request was completed. (0x12B)
[1023/152252.693:ERROR:process_memory_win.cc(73)] ReadMemory at 0xb262e0 of 132 bytes failed: Only part of a ReadProcessMemory or WriteProcessMemory request was completed. (0x12B)
[1023/152252.693:ERROR:process_memory_win.cc(73)] ReadMemory at 0xb26960 of 80 bytes failed: Only part of a ReadProcessMemory or WriteProcessMemory request was completed. (0x12B)
[1023/152252.693:ERROR:process_memory_win.cc(73)] ReadMemory at 0xb27bf0 of 132 bytes failed: Only part of a ReadProcessMemory or WriteProcessMemory request was completed. (0x12B)
[1023/152252.693:ERROR:process_memory_win.cc(73)] ReadMemory at 0xb27ce0 of 132 bytes failed: Only part of a ReadProcessMemory or WriteProcessMemory request was completed. (0x12B)
[1023/152252.694:ERROR:process_memory_win.cc(73)] ReadMemory at 0xb27dd0 of 132 bytes failed: Only part of a ReadProcessMemory or WriteProcessMemory request was completed. (0x12B)
[1023/152252.694:ERROR:process_memory_win.cc(73)] ReadMemory at 0xb27ef0 of 132 bytes failed: Only part of a ReadProcessMemory or WriteProcessMemory request was completed. (0x12B)
[1023/152252.694:ERROR:process_memory_win.cc(73)] ReadMemory at 0xb27fe0 of 132 bytes failed: Only part of a ReadProcessMemory or WriteProcessMemory request was completed. (0x12B)
[1023/152252.694:ERROR:process_memory_win.cc(73)] ReadMemory at 0xb280d0 of 132 bytes failed: Only part of a ReadProcessMemory or WriteProcessMemory request was completed. (0x12B)
[1023/152252.694:ERROR:process_memory_win.cc(73)] ReadMemory at 0xb281c0 of 132 bytes failed: Only part of a ReadProcessMemory or WriteProcessMemory request was completed. (0x12B)
[1023/152252.694:ERROR:process_memory_win.cc(73)] ReadMemory at 0xb282b0 of 132 bytes failed: Only part of a ReadProcessMemory or WriteProcessMemory request was completed. (0x12B)
[1023/152252.694:ERROR:process_memory_win.cc(73)] ReadMemory at 0xb283a0 of 132 bytes failed: Only part of a ReadProcessMemory or WriteProcessMemory request was completed. (0x12B)
[1023/152252.694:ERROR:process_memory_win.cc(73)] ReadMemory at 0xb28490 of 132 bytes failed: Only part of a ReadProcessMemory or WriteProcessMemory request was completed. (0x12B)
[1023/152252.694:ERROR:process_memory_win.cc(73)] ReadMemory at 0xb28580 of 132 bytes failed: Only part of a ReadProcessMemory or WriteProcessMemory request was completed. (0x12B)
[1023/152252.695:ERROR:process_memory_win.cc(73)] ReadMemory at 0xb28670 of 132 bytes failed: Only part of a ReadProcessMemory or WriteProcessMemory request was completed. (0x12B)
[1023/152252.695:ERROR:process_memory_win.cc(73)] ReadMemory at 0xb28760 of 132 bytes failed: Only part of a ReadProcessMemory or WriteProcessMemory request was completed. (0x12B)
[1023/152252.695:ERROR:process_memory_win.cc(73)] ReadMemory at 0xb28850 of 132 bytes failed: Only part of a ReadProcessMemory or WriteProcessMemory request was completed. (0x12B)
[1023/152252.695:ERROR:process_memory_win.cc(73)] ReadMemory at 0xb28940 of 132 bytes failed: Only part of a ReadProcessMemory or WriteProcessMemory request was completed. (0x12B)
[1023/152252.695:ERROR:process_memory_win.cc(73)] ReadMemory at 0xb28a30 of 132 bytes failed: Only part of a ReadProcessMemory or WriteProcessMemory request was completed. (0x12B)
[1023/152252.695:ERROR:process_memory_win.cc(73)] ReadMemory at 0xb28b20 of 132 bytes failed: Only part of a ReadProcessMemory or WriteProcessMemory request was completed. (0x12B)
[1023/152252.695:ERROR:process_memory_win.cc(73)] ReadMemory at 0xb28c10 of 132 bytes failed: Only part of a ReadProcessMemory or WriteProcessMemory request was completed. (0x12B)
[1023/152252.695:ERROR:process_memory_win.cc(73)] ReadMemory at 0xb28d00 of 132 bytes failed: Only part of a ReadProcessMemory or WriteProcessMemory request was completed. (0x12B)
[1023/152252.695:ERROR:process_memory_win.cc(73)] ReadMemory at 0xb28df0 of 132 bytes failed: Only part of a ReadProcessMemory or WriteProcessMemory request was completed. (0x12B)
[1023/152252.696:ERROR:process_memory_win.cc(73)] ReadMemory at 0xb28ee0 of 132 bytes failed: Only part of a ReadProcessMemory or WriteProcessMemory request was completed. (0x12B)
[1023/152252.696:ERROR:process_memory_win.cc(73)] ReadMemory at 0xb28fd0 of 132 bytes failed: Only part of a ReadProcessMemory or WriteProcessMemory request was completed. (0x12B)
[1023/152252.696:ERROR:process_memory_win.cc(73)] ReadMemory at 0xb290c0 of 132 bytes failed: Only part of a ReadProcessMemory or WriteProcessMemory request was completed. (0x12B)
[1023/152252.696:ERROR:process_memory_win.cc(73)] ReadMemory at 0xb291b0 of 132 bytes failed: Only part of a ReadProcessMemory or WriteProcessMemory request was completed. (0x12B)
[1023/152252.696:ERROR:process_memory_win.cc(73)] ReadMemory at 0xb292a0 of 132 bytes failed: Only part of a ReadProcessMemory or WriteProcessMemory request was completed. (0x12B)
[1023/152252.696:ERROR:process_memory_win.cc(73)] ReadMemory at 0xb29390 of 132 bytes failed: Only part of a ReadProcessMemory or WriteProcessMemory request was completed. (0x12B)
[1023/152252.696:ERROR:process_memory_win.cc(73)] ReadMemory at 0xb29480 of 132 bytes failed: Only part of a ReadProcessMemory or WriteProcessMemory request was completed. (0x12B)
[1023/152252.696:ERROR:process_memory_win.cc(73)] ReadMemory at 0xb29570 of 132 bytes failed: Only part of a ReadProcessMemory or WriteProcessMemory request was completed. (0x12B)
[1023/152252.696:ERROR:process_memory_win.cc(73)] ReadMemory at 0xb29660 of 132 bytes failed: Only part of a ReadProcessMemory or WriteProcessMemory request was completed. (0x12B)
[1023/152252.696:ERROR:process_memory_win.cc(73)] ReadMemory at 0xb29750 of 132 bytes failed: Only part of a ReadProcessMemory or WriteProcessMemory request was completed. (0x12B)
[1023/152252.697:ERROR:process_memory_win.cc(73)] ReadMemory at 0xb29840 of 132 bytes failed: Only part of a ReadProcessMemory or WriteProcessMemory request was completed. (0x12B)
[1023/152252.697:ERROR:process_memory_win.cc(73)] ReadMemory at 0xb29930 of 132 bytes failed: Only part of a ReadProcessMemory or WriteProcessMemory request was completed. (0x12B)
[1023/152252.697:ERROR:process_memory_win.cc(73)] ReadMemory at 0xb29a20 of 132 bytes failed: Only part of a ReadProcessMemory or WriteProcessMemory request was completed. (0x12B)
[1023/152252.697:ERROR:process_memory_win.cc(73)] ReadMemory at 0xb29c00 of 132 bytes failed: Only part of a ReadProcessMemory or WriteProcessMemory request was completed. (0x12B)
[1023/152252.697:ERROR:process_memory_win.cc(73)] ReadMemory at 0xb2bea0 of 54 bytes failed: Only part of a ReadProcessMemory or WriteProcessMemory request was completed. (0x12B)
[1023/152252.697:ERROR:process_memory_win.cc(73)] ReadMemory at 0xb32e50 of 64 bytes failed: Only part of a ReadProcessMemory or WriteProcessMemory request was completed. (0x12B)
[1023/152252.697:ERROR:process_memory_win.cc(73)] ReadMemory at 0xb32ea0 of 62 bytes failed: Only part of a ReadProcessMemory or WriteProcessMemory request was completed. (0x12B)
[1023/152252.698:ERROR:process_memory_win.cc(73)] ReadMemory at 0xb32ef0 of 58 bytes failed: Only part of a ReadProcessMemory or WriteProcessMemory request was completed. (0x12B)
[1023/152252.698:ERROR:process_memory_win.cc(73)] ReadMemory at 0xb32f40 of 64 bytes failed: Only part of a ReadProcessMemory or WriteProcessMemory request was completed. (0x12B)
[1023/152252.698:ERROR:process_memory_win.cc(73)] ReadMemory at 0xb80210 of 66 bytes failed: Only part of a ReadProcessMemory or WriteProcessMemory request was completed. (0x12B)
[1023/152252.698:ERROR:process_memory_win.cc(73)] ReadMemory at 0xb823d0 of 640 bytes failed: Only part of a ReadProcessMemory or WriteProcessMemory request was completed. (0x12B)
[1023/152252.698:ERROR:process_memory_win.cc(73)] ReadMemory at 0xb94210 of 704 bytes failed: Only part of a ReadProcessMemory or WriteProcessMemory request was completed. (0x12B)
[1023/152252.698:ERROR:process_memory_win.cc(73)] ReadMemory at 0xb96670 of 512 bytes failed: Only part of a ReadProcessMemory or WriteProcessMemory request was completed. (0x12B)
[1023/152252.698:ERROR:process_memory_win.cc(73)] ReadMemory at 0xb98dc0 of 512 bytes failed: Only part of a ReadProcessMemory or WriteProcessMemory request was completed. (0x12B)
[1023/152252.698:ERROR:process_memory_win.cc(73)] ReadMemory at 0xb999c0 of 512 bytes failed: Only part of a ReadProcessMemory or WriteProcessMemory request was completed. (0x12B)
[1023/152252.698:ERROR:process_memory_win.cc(73)] ReadMemory at 0xbb2000 of 592 bytes failed: Only part of a ReadProcessMemory or WriteProcessMemory request was completed. (0x12B)
[1023/152252.699:ERROR:process_memory_win.cc(73)] ReadMemory at 0xbc0fb0 of 712 bytes failed: Only part of a ReadProcessMemory or WriteProcessMemory request was completed. (0x12B)
[1023/152252.699:ERROR:process_memory_win.cc(73)] ReadMemory at 0xbc7970 of 512 bytes failed: Only part of a ReadProcessMemory or WriteProcessMemory request was completed. (0x12B)
[1023/152252.699:ERROR:process_memory_win.cc(73)] ReadMemory at 0x2ca6230 of 640 bytes failed: Only part of a ReadProcessMemory or WriteProcessMemory request was completed. (0x12B)
[1023/152252.699:ERROR:process_memory_win.cc(73)] ReadMemory at 0x2ccb660 of 512 bytes failed: Only part of a ReadProcessMemory or WriteProcessMemory request was completed. (0x12B)
[1023/152252.699:ERROR:process_memory_win.cc(73)] ReadMemory at 0x2d0ce20 of 512 bytes failed: Only part of a ReadProcessMemory or WriteProcessMemory request was completed. (0x12B)
[1023/152252.701:ERROR:process_memory_win.cc(73)] ReadMemory at 0x2d0daa0 of 656 bytes failed: Only part of a ReadProcessMemory or WriteProcessMemory request was completed. (0x12B)
[1023/152252.702:ERROR:process_memory_win.cc(73)] ReadMemory at 0x2d0e581 of 512 bytes failed: Only part of a ReadProcessMemory or WriteProcessMemory request was completed. (0x12B)
[1023/152252.702:ERROR:process_memory_win.cc(73)] ReadMemory at 0x2d1b986 of 540 bytes failed: Only part of a ReadProcessMemory or WriteProcessMemory request was completed. (0x12B)
[1023/152252.702:ERROR:process_memory_win.cc(73)] ReadMemory at 0x739ae80 of 512 bytes failed: Only part of a ReadProcessMemory or WriteProcessMemory request was completed. (0x12B)
[1023/152252.702:ERROR:process_memory_win.cc(73)] ReadMemory at 0x745b9f0 of 512 bytes failed: Only part of a ReadProcessMemory or WriteProcessMemory request was completed. (0x12B)
[1023/152252.702:ERROR:process_memory_win.cc(73)] ReadMemory at 0x7467650 of 512 bytes failed: Only part of a ReadProcessMemory or WriteProcessMemory request was completed. (0x12B)
[1023/152252.702:ERROR:process_memory_win.cc(73)] ReadMemory at 0x773b7bc8 of 18 bytes failed: Only part of a ReadProcessMemory or WriteProcessMemory request was completed. (0x12B)
[1023/152252.702:ERROR:process_memory_win.cc(73)] ReadMemory at 0x773ba6c8 of 576 bytes failed: Only part of a ReadProcessMemory or WriteProcessMemory request was completed. (0x12B)
[1023/152252.702:ERROR:process_memory_win.cc(73)] ReadMemory at 0x773ba928 of 672 bytes failed: Only part of a ReadProcessMemory or WriteProcessMemory request was completed. (0x12B)
[1023/152252.703:ERROR:process_memory_win.cc(73)] ReadMemory at 0x773c3160 of 512 bytes failed: Only part of a ReadProcessMemory or WriteProcessMemory request was completed. (0x12B)
[1023/152252.703:ERROR:process_memory_win.cc(73)] ReadMemory at 0x7741984a of 592 bytes failed: Only part of a ReadProcessMemory or WriteProcessMemory request was completed. (0x12B)
[1023/152252.703:ERROR:process_memory_win.cc(73)] ReadMemory at 0x77419dba of 512 bytes failed: Only part of a ReadProcessMemory or WriteProcessMemory request was completed. (0x12B)
[1023/152252.703:ERROR:process_memory_win.cc(73)] ReadMemory at 0x7741b0fa of 528 bytes failed: Only part of a ReadProcessMemory or WriteProcessMemory request was completed. (0x12B)
[1023/152252.703:ERROR:process_memory_win.cc(73)] ReadMemory at 0x774a9360 of 512 bytes failed: Only part of a ReadProcessMemory or WriteProcessMemory request was completed. (0x12B)
[1023/152252.703:ERROR:process_memory_win.cc(73)] ReadMemory at 0x774d80d8 of 40 bytes failed: Only part of a ReadProcessMemory or WriteProcessMemory request was completed. (0x12B)
[1023/152252.703:ERROR:process_memory_win.cc(73)] ReadMemory at 0x774e2dc0 of 48 bytes failed: Only part of a ReadProcessMemory or WriteProcessMemory request was completed. (0x12B)
[1023/152252.704:ERROR:process_memory_win.cc(73)] ReadMemory at 0x774e2e40 of 64 bytes failed: Only part of a ReadProcessMemory or WriteProcessMemory request was completed. (0x12B)
[1023/152252.704:ERROR:process_memory_win.cc(73)] ReadMemory at 0x7fed80f5810 of 512 bytes failed: Only part of a ReadProcessMemory or WriteProcessMemory request was completed. (0x12B)
[1023/152252.704:ERROR:process_memory_win.cc(73)] ReadMemory at 0x7fed80f5ed7 of 512 bytes failed: Only part of a ReadProcessMemory or WriteProcessMemory request was completed. (0x12B)
[1023/152252.704:ERROR:process_memory_win.cc(73)] ReadMemory at 0x7fefb740000 of 384 bytes failed: Only part of a ReadProcessMemory or WriteProcessMemory request was completed. (0x12B)
[1023/152252.704:ERROR:process_memory_win.cc(73)] ReadMemory at 0x7fffff9a000 of 6024 bytes failed: Only part of a ReadProcessMemory or WriteProcessMemory request was completed. (0x12B)
[1023/152252.704:ERROR:process_memory_win.cc(73)] ReadMemory at 0x7fffff9c000 of 6024 bytes failed: Only part of a ReadProcessMemory or WriteProcessMemory request was completed. (0x12B)
[1023/152252.705:ERROR:process_memory_win.cc(73)] ReadMemory at 0x7fffff9e000 of 6024 bytes failed: Only part of a ReadProcessMemory or WriteProcessMemory request was completed. (0x12B)
[1023/152252.705:ERROR:process_memory_win.cc(73)] ReadMemory at 0x7fffffa0000 of 6024 bytes failed: Only part of a ReadProcessMemory or WriteProcessMemory request was completed. (0x12B)
[1023/152252.706:ERROR:process_memory_win.cc(73)] ReadMemory at 0x7fffffa2000 of 6024 bytes failed: Only part of a ReadProcessMemory or WriteProcessMemory request was completed. (0x12B)
[1023/152252.706:ERROR:process_memory_win.cc(73)] ReadMemory at 0x7fffffa4000 of 6024 bytes failed: Only part of a ReadProcessMemory or WriteProcessMemory request was completed. (0x12B)
[1023/152252.706:ERROR:process_memory_win.cc(73)] ReadMemory at 0x7fffffa6000 of 6024 bytes failed: Only part of a ReadProcessMemory or WriteProcessMemory request was completed. (0x12B)
[1023/152252.706:ERROR:process_memory_win.cc(73)] ReadMemory at 0x7fffffa8000 of 6024 bytes failed: Only part of a ReadProcessMemory or WriteProcessMemory request was completed. (0x12B)
[1023/152252.707:ERROR:process_memory_win.cc(73)] ReadMemory at 0x7fffffaa000 of 6024 bytes failed: Only part of a ReadProcessMemory or WriteProcessMemory request was completed. (0x12B)
[1023/152252.707:ERROR:process_memory_win.cc(73)] ReadMemory at 0x7fffffac000 of 6024 bytes failed: Only part of a ReadProcessMemory or WriteProcessMemory request was completed. (0x12B)
[1023/152252.707:ERROR:process_memory_win.cc(73)] ReadMemory at 0x7fffffae000 of 6024 bytes failed: Only part of a ReadProcessMemory or WriteProcessMemory request was completed. (0x12B)
[1023/152252.707:ERROR:process_memory_win.cc(73)] ReadMemory at 0x7fffffd4000 of 852 bytes failed: Only part of a ReadProcessMemory or WriteProcessMemory request was completed. (0x12B)
[1023/152252.857:ERROR:process_memory_win.cc(73)] ReadMemory at 0x7fffffd8000 of 6024 bytes failed: Only part of a ReadProcessMemory or WriteProcessMemory request was completed. (0x12B)
[1023/152252.857:ERROR:process_memory_win.cc(73)] ReadMemory at 0x7fffffda000 of 6024 bytes failed: Only part of a ReadProcessMemory or WriteProcessMemory request was completed. (0x12B)
[1023/152252.857:ERROR:process_memory_win.cc(73)] ReadMemory at 0x7fffffdc000 of 6024 bytes failed: Only part of a ReadProcessMemory or WriteProcessMemory request was completed. (0x12B)
[1023/152252.857:ERROR:process_memory_win.cc(73)] ReadMemory at 0x7fffffde000 of 6024 bytes failed: Only part of a ReadProcessMemory or WriteProcessMemory request was completed. (0x12B)
[1023/152253.334:ERROR:filesystem_win.cc(129)] GetFileAttributes C:\Users\mahesh\AppData\Local\Google\Chrome\User Data\Crashpad\attachments\ad5f0fb2-3bb7-444b-9127-f1a6c904a446: The system cannot find the path specified. (0x3)
[1023/152253.232:ERROR:scoped_process_suspend.cc(40)] NtResumeProcess: An attempt was made to access an exiting process. (0xc000010a)
[1024/101049.657:ERROR:directory_reader_win.cc(43)] FindFirstFile: The system cannot find the path specified. (0x3)
